{"/Users/x/Desktop/base64ify-cli/base64ify.js": {"path":"/Users/x/Desktop/base64ify-cli/base64ify.js","statementMap":{"0":{"start":{"line":1,"column":16},"end":{"line":29,"column":1}},"1":{"start":{"line":4,"column":8},"end":{"line":11,"column":9}},"2":{"start":{"line":5,"column":20},"end":{"line":5,"column":54}},"3":{"start":{"line":6,"column":12},"end":{"line":6,"column":32}},"4":{"start":{"line":9,"column":20},"end":{"line":9,"column":44}},"5":{"start":{"line":10,"column":12},"end":{"line":10,"column":40}},"6":{"start":{"line":14,"column":8},"end":{"line":21,"column":9}},"7":{"start":{"line":15,"column":12},"end":{"line":15,"column":162}},"8":{"start":{"line":16,"column":15},"end":{"line":21,"column":9}},"9":{"start":{"line":17,"column":12},"end":{"line":17,"column":47}},"10":{"start":{"line":19,"column":20},"end":{"line":19,"column":44}},"11":{"start":{"line":20,"column":12},"end":{"line":20,"column":40}},"12":{"start":{"line":24,"column":8},"end":{"line":26,"column":9}},"13":{"start":{"line":25,"column":12},"end":{"line":25,"column":24}},"14":{"start":{"line":27,"column":8},"end":{"line":27,"column":21}},"15":{"start":{"line":32,"column":0},"end":{"line":32,"column":60}}},"fnMap":{"0":{"name":"(anonymous_0)","decl":{"start":{"line":2,"column":4},"end":{"line":2,"column":5}},"loc":{"start":{"line":2,"column":23},"end":{"line":12,"column":5}},"line":2},"1":{"name":"(anonymous_1)","decl":{"start":{"line":13,"column":4},"end":{"line":13,"column":5}},"loc":{"start":{"line":13,"column":21},"end":{"line":22,"column":5}},"line":13},"2":{"name":"(anonymous_2)","decl":{"start":{"line":23,"column":4},"end":{"line":23,"column":5}},"loc":{"start":{"line":23,"column":25},"end":{"line":28,"column":5}},"line":23}},"branchMap":{"0":{"loc":{"start":{"line":4,"column":8},"end":{"line":11,"column":9}},"type":"if","locations":[{"start":{"line":4,"column":8},"end":{"line":11,"column":9}},{"start":{"line":4,"column":8},"end":{"line":11,"column":9}}],"line":4},"1":{"loc":{"start":{"line":14,"column":8},"end":{"line":21,"column":9}},"type":"if","locations":[{"start":{"line":14,"column":8},"end":{"line":21,"column":9}},{"start":{"line":14,"column":8},"end":{"line":21,"column":9}}],"line":14},"2":{"loc":{"start":{"line":16,"column":15},"end":{"line":21,"column":9}},"type":"if","locations":[{"start":{"line":16,"column":15},"end":{"line":21,"column":9}},{"start":{"line":16,"column":15},"end":{"line":21,"column":9}}],"line":16},"3":{"loc":{"start":{"line":24,"column":8},"end":{"line":26,"column":9}},"type":"if","locations":[{"start":{"line":24,"column":8},"end":{"line":26,"column":9}},{"start":{"line":24,"column":8},"end":{"line":26,"column":9}}],"line":24},"4":{"loc":{"start":{"line":24,"column":12},"end":{"line":24,"column":48}},"type":"binary-expr","locations":[{"start":{"line":24,"column":12},"end":{"line":24,"column":27}},{"start":{"line":24,"column":31},"end":{"line":24,"column":48}}],"line":24}},"s":{"0":1,"1":5,"2":3,"3":3,"4":2,"5":2,"6":5,"7":2,"8":3,"9":2,"10":1,"11":1,"12":5,"13":2,"14":3,"15":1},"f":{"0":5,"1":5,"2":5},"b":{"0":[3,2],"1":[2,3],"2":[2,1],"3":[2,3],"4":[5,4]},"_coverageSchema":"43e27e138ebf9cfc5966b082cf9a028302ed4184","hash":"3462495fd79d5044b943f26043e3d1e9df667f70"}
}
